info it worked if it ends with ok
verbose cli [ 'node', '/usr/local/bin/npm', 'install', '-d' ]
info using npm@1.0.22
info using node@v0.4.10
verbose config file /Users/proksoup/.npmrc
verbose config file /usr/local/etc/npmrc
silly testEngine { name: 'application-name',
silly testEngine   version: '0.0.1',
silly testEngine   private: true,
silly testEngine   dependencies: 
silly testEngine    { express: '2.4.3',
silly testEngine      stylus: '>= 0.0.1',
silly testEngine      'coffee-script': '>= 0.0.1',
silly testEngine      jade: '>= 0.0.1',
silly testEngine      'connect-mongodb': '>= 1.0.0',
silly testEngine      url: '>= 0.1.1',
silly testEngine      mongodb: '>= 0.0.1',
silly testEngine      mongoose: '>= 0.0.1',
silly testEngine      bcrypt: '>=0.0.1',
silly testEngine      geo: '>=0.0.1',
silly testEngine      nodemailer: '>=0.0.1',
silly testEngine      pdfkit: '>=0.0.1',
silly testEngine      imagemagick: '>=0.0.1',
silly testEngine      yelp: '>=0.0.1',
silly testEngine      get: '>=0.0.1',
silly testEngine      http: '>=0.0.1' },
silly testEngine   _npmJsonOpts: 
silly testEngine    { dev: true,
silly testEngine      file: '/Users/proksoup/Desktop/kickbackcard-alpha/package.json',
silly testEngine      wscript: false,
silly testEngine      contributors: false,
silly testEngine      serverjs: false },
silly testEngine   _id: 'application-name@0.0.1',
silly testEngine   devDependencies: {},
silly testEngine   engines: { node: '*' },
silly testEngine   _engineSupported: true,
silly testEngine   _npmVersion: '1.0.22',
silly testEngine   _nodeVersion: 'v0.4.10',
silly testEngine   _defaultsLoaded: true,
silly testEngine   scripts: {} }
verbose caching /Users/proksoup/Desktop/kickbackcard-alpha/package.json
verbose loadDefaults application-name@0.0.1
verbose where, deps [ '/Users/proksoup/Desktop/kickbackcard-alpha',
verbose where, deps   [ 'express',
verbose where, deps     'stylus',
verbose where, deps     'coffee-script',
verbose where, deps     'jade',
verbose where, deps     'connect-mongodb',
verbose where, deps     'url',
verbose where, deps     'mongodb',
verbose where, deps     'mongoose',
verbose where, deps     'bcrypt',
verbose where, deps     'geo',
verbose where, deps     'nodemailer',
verbose where, deps     'pdfkit',
verbose where, deps     'imagemagick',
verbose where, deps     'yelp',
verbose where, deps     'get',
verbose where, deps     'http' ] ]
verbose from cache /Users/proksoup/Desktop/kickbackcard-alpha/package.json
info preinstall application-name@0.0.1
silly testEngine { name: 'coffee-script',
silly testEngine   description: 'Unfancy JavaScript',
silly testEngine   keywords: [ 'javascript', 'language', 'coffeescript', 'compiler' ],
silly testEngine   author: { name: 'Jeremy Ashkenas' },
silly testEngine   version: '1.1.2',
silly testEngine   licenses: 
silly testEngine    [ { type: 'MIT',
silly testEngine        url: 'http://github.com/jashkenas/coffee-script/raw/master/LICENSE' } ],
silly testEngine   engines: { node: '>=0.2.5' },
silly testEngine   directories: { lib: './lib' },
silly testEngine   main: './lib/coffee-script',
silly testEngine   bin: { coffee: './bin/coffee', cake: './bin/cake' },
silly testEngine   homepage: 'http://coffeescript.org',
silly testEngine   repository: 
silly testEngine    { type: 'git',
silly testEngine      url: 'git://github.com/jashkenas/coffee-script.git' },
silly testEngine   _npmJsonOpts: 
silly testEngine    { file: '/Users/proksoup/Desktop/kickbackcard-alpha/node_modules/coffee-script/package.json',
silly testEngine      wscript: false,
silly testEngine      contributors: false,
silly testEngine      serverjs: false },
silly testEngine   _id: 'coffee-script@1.1.2',
silly testEngine   dependencies: {},
silly testEngine   devDependencies: {},
silly testEngine   _engineSupported: true,
silly testEngine   _npmVersion: '1.0.22',
silly testEngine   _nodeVersion: 'v0.4.10',
silly testEngine   _defaultsLoaded: true }
verbose caching /Users/proksoup/Desktop/kickbackcard-alpha/node_modules/coffee-script/package.json
verbose loadDefaults coffee-script@1.1.2
silly testEngine { name: 'connect-mongodb',
silly testEngine   description: 'mongodb session store for connect',
silly testEngine   version: '1.0.0',
silly testEngine   author: 
silly testEngine    { name: 'Vladimir Dronnikov',
silly testEngine      email: 'dronnikov@gmail.com' },
silly testEngine   contributors: 
silly testEngine    [ { name: 'Pau Ramon', email: 'masylum@gmail.com' },
silly testEngine      { name: 'ramv' } ],
silly testEngine   dependencies: { mongodb: '0.9.6-7', connect: '1.5.1' },
silly testEngine   devDependencies: 
silly testEngine    { testosterone: '1.2.0',
silly testEngine      gently: '0.9.1',
silly testEngine      funk: '1.5.0' },
silly testEngine   main: './lib/connect-mongodb',
silly testEngine   engines: { node: '>= 0.4.0' },
silly testEngine   _npmJsonOpts: 
silly testEngine    { file: '/Users/proksoup/Desktop/kickbackcard-alpha/node_modules/connect-mongodb/package.json',
silly testEngine      wscript: false,
silly testEngine      contributors: false,
silly testEngine      serverjs: false },
silly testEngine   _id: 'connect-mongodb@1.0.0',
silly testEngine   _engineSupported: true,
silly testEngine   _npmVersion: '1.0.22',
silly testEngine   _nodeVersion: 'v0.4.10',
silly testEngine   _defaultsLoaded: true }
verbose caching /Users/proksoup/Desktop/kickbackcard-alpha/node_modules/connect-mongodb/package.json
verbose loadDefaults connect-mongodb@1.0.0
silly testEngine { name: 'everyauth',
silly testEngine   description: 'Auth solution (password, facebook, & more) for your node.js Connect & Express apps',
silly testEngine   version: '0.2.18',
silly testEngine   homepage: 'https://github.com/bnoguchi/everyauth/',
silly testEngine   repository: 
silly testEngine    { type: 'git',
silly testEngine      url: 'git://github.com/bnoguchi/everyauth.git' },
silly testEngine   author: 
silly testEngine    { name: 'Brian Noguchi',
silly testEngine      email: 'brian.noguchi@gmail.com',
silly testEngine      url: 'https://github.com/bnoguchi/' },
silly testEngine   keywords: 
silly testEngine    [ 'auth',
silly testEngine      'oauth',
silly testEngine      'password',
silly testEngine      'facebook',
silly testEngine      'openid',
silly testEngine      'twitter',
silly testEngine      'authorization',
silly testEngine      'authentication',
silly testEngine      'connect',
silly testEngine      'express' ],
silly testEngine   main: './index.js',
silly testEngine   directories: { lib: 'lib' },
silly testEngine   dependencies: 
silly testEngine    { oauth: '>=0.9.0',
silly testEngine      restler: '>=0.2.1',
silly testEngine      connect: '>=1.4.0',
silly testEngine      openid: '=0.1.8',
silly testEngine      xml2js: '>=0.1.7' },
silly testEngine   devDependencies: 
silly testEngine    { express: '>=2.3.10',
silly testEngine      jade: '>=0.12.1',
silly testEngine      tobi: '>=0.2.2',
silly testEngine      expresso: '>=0.8.1',
silly testEngine      should: '>=0.2.1' },
silly testEngine   engines: { node: '>=0.4.0' },
silly testEngine   _npmJsonOpts: 
silly testEngine    { file: '/Users/proksoup/Desktop/kickbackcard-alpha/node_modules/everyauth/package.json',
silly testEngine      wscript: false,
silly testEngine      contributors: false,
silly testEngine      serverjs: false },
silly testEngine   _id: 'everyauth@0.2.18',
silly testEngine   _engineSupported: true,
silly testEngine   _npmVersion: '1.0.22',
silly testEngine   _nodeVersion: 'v0.4.10',
silly testEngine   _defaultsLoaded: true }
verbose caching /Users/proksoup/Desktop/kickbackcard-alpha/node_modules/everyauth/package.json
verbose loadDefaults everyauth@0.2.18
silly testEngine { name: 'express',
silly testEngine   description: 'Sinatra inspired web development framework',
silly testEngine   version: '2.4.3',
silly testEngine   author: 
silly testEngine    { name: 'TJ Holowaychuk',
silly testEngine      email: 'tj@vision-media.ca' },
silly testEngine   contributors: 
silly testEngine    [ { name: 'TJ Holowaychuk',
silly testEngine        email: 'tj@vision-media.ca' },
silly testEngine      { name: 'Aaron Heckmann',
silly testEngine        email: 'aaron.heckmann+github@gmail.com' },
silly testEngine      { name: 'Ciaran Jessup', email: 'ciaranj@gmail.com' },
silly testEngine      { name: 'Guillermo Rauch', email: 'rauchg@gmail.com' } ],
silly testEngine   dependencies: 
silly testEngine    { connect: '>= 1.5.2 < 2.0.0',
silly testEngine      mime: '>= 0.0.1',
silly testEngine      qs: '>= 0.0.6' },
silly testEngine   devDependencies: 
silly testEngine    { 'connect-form': '0.2.1',
silly testEngine      ejs: '0.4.2',
silly testEngine      expresso: '0.7.2',
silly testEngine      hamljs: '0.5.1',
silly testEngine      jade: '0.11.0',
silly testEngine      stylus: '0.13.0',
silly testEngine      should: '0.2.1',
silly testEngine      'express-messages': '0.0.2',
silly testEngine      'node-markdown': '>= 0.0.1',
silly testEngine      'connect-redis': '>= 0.0.1' },
silly testEngine   keywords: [ 'framework', 'sinatra', 'web', 'rest', 'restful' ],
silly testEngine   repository: 
silly testEngine    { type: 'git',
silly testEngine      url: 'git://github.com/visionmedia/express.git' },
silly testEngine   main: 'index',
silly testEngine   bin: { express: './bin/express' },
silly testEngine   scripts: { test: 'make test', prepublish: 'npm prune' },
silly testEngine   engines: { node: '>= 0.4.1 < 0.5.0' },
silly testEngine   _npmJsonOpts: 
silly testEngine    { file: '/Users/proksoup/Desktop/kickbackcard-alpha/node_modules/express/package.json',
silly testEngine      wscript: false,
silly testEngine      contributors: false,
silly testEngine      serverjs: false },
silly testEngine   _id: 'express@2.4.3',
silly testEngine   _engineSupported: true,
silly testEngine   _npmVersion: '1.0.22',
silly testEngine   _nodeVersion: 'v0.4.10',
silly testEngine   _defaultsLoaded: true }
verbose caching /Users/proksoup/Desktop/kickbackcard-alpha/node_modules/express/package.json
verbose loadDefaults express@2.4.3
silly testEngine { name: 'geo',
silly testEngine   description: 'Geo is a very basic, but simple and extendable, geocode library for Node.js. Currently it only supports Google\'s Geocode API (v3) - Geo Spatial features are coming out soon',
silly testEngine   homepage: 'http://geeks.aretotally.in/projects/geonode',
silly testEngine   keywords: 
silly testEngine    [ 'geo',
silly testEngine      'geospatial',
silly testEngine      'geocode',
silly testEngine      'geocoding',
silly testEngine      'geohash' ],
silly testEngine   author: 
silly testEngine    { name: 'Felipe Oliveira',
silly testEngine      email: 'felipera@gmail.com' },
silly testEngine   contributors: [],
silly testEngine   repository: 
silly testEngine    { type: 'git',
silly testEngine      url: 'git@github.com:feliperazeek/geonode.git' },
silly testEngine   licenses: 
silly testEngine    [ { type: 'GPLv3',
silly testEngine        url: 'http://www.gnu.org/licenses/gpl-3.0.txt' } ],
silly testEngine   dependencies: { geohash: '' },
silly testEngine   lib: 'lib',
silly testEngine   main: './lib/geo',
silly testEngine   version: '0.0.3',
silly testEngine   directories: { test: './test' },
silly testEngine   engines: { node: '>= 0.3.0' },
silly testEngine   _npmJsonOpts: 
silly testEngine    { file: '/Users/proksoup/Desktop/kickbackcard-alpha/node_modules/geo/package.json',
silly testEngine      wscript: false,
silly testEngine      contributors: false,
silly testEngine      serverjs: false },
silly testEngine   _id: 'geo@0.0.3',
silly testEngine   devDependencies: {},
silly testEngine   _engineSupported: true,
silly testEngine   _npmVersion: '1.0.22',
silly testEngine   _nodeVersion: 'v0.4.10',
silly testEngine   _defaultsLoaded: true }
verbose caching /Users/proksoup/Desktop/kickbackcard-alpha/node_modules/geo/package.json
verbose loadDefaults geo@0.0.3
silly testEngine { name: 'get',
silly testEngine   description: 'A slightly higher-level HTTP client for node.',
silly testEngine   version: '0.4.2',
silly testEngine   main: './lib/node-get/index.js',
silly testEngine   keywords: [ 'http', 'client', 'request', 'get' ],
silly testEngine   url: 'http://github.com/tmcw/node-get',
silly testEngine   repositories: 
silly testEngine    [ { type: 'git',
silly testEngine        url: 'git://github.com/tmcw/node-get.git' } ],
silly testEngine   author: 
silly testEngine    { name: 'Tom MacWright',
silly testEngine      email: 'macwright@gmail.com' },
silly testEngine   contributors: 
silly testEngine    [ { name: 'Konstantin Käfer',
silly testEngine        email: 'kkaefer@gmail.com' } ],
silly testEngine   licenses: [ { type: 'BSD' } ],
silly testEngine   devDependencies: 
silly testEngine    { expresso: '= 0.7.x',
silly testEngine      jshint: '= 0.2.x',
silly testEngine      docco: '= 0.3.x' },
silly testEngine   _npmJsonOpts: 
silly testEngine    { file: '/Users/proksoup/Desktop/kickbackcard-alpha/node_modules/get/package.json',
silly testEngine      wscript: false,
silly testEngine      contributors: false,
silly testEngine      serverjs: false },
silly testEngine   _id: 'get@0.4.2',
silly testEngine   dependencies: {},
silly testEngine   engines: { node: '*' },
silly testEngine   _engineSupported: true,
silly testEngine   _npmVersion: '1.0.22',
silly testEngine   _nodeVersion: 'v0.4.10',
silly testEngine   _defaultsLoaded: true }
verbose caching /Users/proksoup/Desktop/kickbackcard-alpha/node_modules/get/package.json
verbose loadDefaults get@0.4.2
silly testEngine { name: 'imagemagick',
silly testEngine   description: 'A wrapper around the imagemagick cli',
silly testEngine   version: '0.1.2',
silly testEngine   author: { name: 'Rasmus Andersson' },
silly testEngine   licenses: [ { type: 'MIT' } ],
silly testEngine   repository: 
silly testEngine    { type: 'git',
silly testEngine      url: 'git://github.com/rsms/node-imagemagick.git' },
silly testEngine   engine: [ 'node >=0.1.90' ],
silly testEngine   main: 'imagemagick',
silly testEngine   _npmJsonOpts: 
silly testEngine    { file: '/Users/proksoup/Desktop/kickbackcard-alpha/node_modules/imagemagick/package.json',
silly testEngine      wscript: false,
silly testEngine      contributors: false,
silly testEngine      serverjs: false },
silly testEngine   _id: 'imagemagick@0.1.2',
silly testEngine   dependencies: {},
silly testEngine   devDependencies: {},
silly testEngine   engines: { node: '*' },
silly testEngine   _engineSupported: true,
silly testEngine   _npmVersion: '1.0.22',
silly testEngine   _nodeVersion: 'v0.4.10',
silly testEngine   _defaultsLoaded: true }
verbose caching /Users/proksoup/Desktop/kickbackcard-alpha/node_modules/imagemagick/package.json
verbose loadDefaults imagemagick@0.1.2
silly testEngine { name: 'jade',
silly testEngine   description: 'Jade template engine',
silly testEngine   version: '0.13.0',
silly testEngine   author: 
silly testEngine    { name: 'TJ Holowaychuk',
silly testEngine      email: 'tj@vision-media.ca' },
silly testEngine   repository: 
silly testEngine    { type: 'git',
silly testEngine      url: 'git://github.com/visionmedia/jade.git' },
silly testEngine   main: './index.js',
silly testEngine   bin: { jade: './bin/jade' },
silly testEngine   devDependencies: 
silly testEngine    { expresso: '0.6.4',
silly testEngine      'coffee-script': '>= 0.0.1',
silly testEngine      sass: '>= 0.0.1',
silly testEngine      less: '>= 0.0.1',
silly testEngine      markdown: '>= 0.0.1',
silly testEngine      stylus: '>= 0.0.1' },
silly testEngine   scripts: { prepublish: 'npm prune' },
silly testEngine   engines: { node: '>= 0.1.98' },
silly testEngine   _npmJsonOpts: 
silly testEngine    { file: '/Users/proksoup/Desktop/kickbackcard-alpha/node_modules/jade/package.json',
silly testEngine      wscript: false,
silly testEngine      contributors: false,
silly testEngine      serverjs: false },
silly testEngine   _id: 'jade@0.13.0',
silly testEngine   dependencies: {},
silly testEngine   _engineSupported: true,
silly testEngine   _npmVersion: '1.0.22',
silly testEngine   _nodeVersion: 'v0.4.10',
silly testEngine   _defaultsLoaded: true }
verbose caching /Users/proksoup/Desktop/kickbackcard-alpha/node_modules/jade/package.json
verbose loadDefaults jade@0.13.0
silly testEngine { name: 'mongodb',
silly testEngine   description: 'A node.js driver for MongoDB',
silly testEngine   version: '0.9.6-7',
silly testEngine   author: 
silly testEngine    { name: 'Christian Amor Kvalheim',
silly testEngine      email: 'christkv@gmail.com' },
silly testEngine   contributors: 
silly testEngine    [ { name: 'Nathan White', email: 'nw@nwhite.net' },
silly testEngine      { name: 'Adam Wiggins', email: 'adam@heroku.com' },
silly testEngine      { name: 'Ian Millington',
silly testEngine        email: 'idmillington@googlemail.com' },
silly testEngine      { name: 'Aaron Heckmann',
silly testEngine        email: 'aaron.heckmann+github@gmail.com' },
silly testEngine      { name: 'Ciaran Jessup', email: 'ciaranj@gmail.com' },
silly testEngine      { name: 'Christoph Pojer' },
silly testEngine      { name: 'Erik Abele' },
silly testEngine      { name: 'Henrik Johansson',
silly testEngine        email: 'dahankzter@gmail.com' } ],
silly testEngine   repository: 
silly testEngine    { type: 'git',
silly testEngine      url: 'git://github.com/christkv/node-mongodb-native.git' },
silly testEngine   bugs: 
silly testEngine    { email: 'node-mongodb-native@googlegroups.com',
silly testEngine      url: 'http://github.com/christkv/node-mongodb-native/issues' },
silly testEngine   os: [ 'linux', 'darwin', 'freebsd' ],
silly testEngine   config: { native: false },
silly testEngine   main: './lib/mongodb/index',
silly testEngine   directories: { lib: './lib/mongodb' },
silly testEngine   engines: { node: '>=0.4.0' },
silly testEngine   scripts: { install: 'bash ./install.sh' },
silly testEngine   licenses: 
silly testEngine    [ { type: 'Apache License, Version 2.0',
silly testEngine        url: 'http://www.apache.org/licenses/LICENSE-2.0' } ],
silly testEngine   _npmJsonOpts: 
silly testEngine    { file: '/Users/proksoup/Desktop/kickbackcard-alpha/node_modules/mongodb/package.json',
silly testEngine      wscript: false,
silly testEngine      contributors: false,
silly testEngine      serverjs: false },
silly testEngine   _id: 'mongodb@0.9.6-7',
silly testEngine   dependencies: {},
silly testEngine   devDependencies: {},
silly testEngine   _engineSupported: true,
silly testEngine   _npmVersion: '1.0.22',
silly testEngine   _nodeVersion: 'v0.4.10',
silly testEngine   _defaultsLoaded: true }
verbose caching /Users/proksoup/Desktop/kickbackcard-alpha/node_modules/mongodb/package.json
verbose loadDefaults mongodb@0.9.6-7
silly testEngine { name: 'mongoose',
silly testEngine   description: 'Mongoose MongoDB ORM',
silly testEngine   version: '1.7.4',
silly testEngine   author: 
silly testEngine    { name: 'Guillermo Rauch',
silly testEngine      email: 'guillermo@learnboost.com' },
silly testEngine   keywords: 
silly testEngine    [ 'mongodb',
silly testEngine      'mongoose',
silly testEngine      'orm',
silly testEngine      'data',
silly testEngine      'datastore',
silly testEngine      'nosql' ],
silly testEngine   dependencies: { hooks: '0.1.9', mongodb: '0.9.6-7', colors: '0.5.0' },
silly testEngine   devDependencies: { should: '0.2.1' },
silly testEngine   directories: { lib: './lib/mongoose' },
silly testEngine   scripts: { test: 'make test' },
silly testEngine   main: './index.js',
silly testEngine   engines: { node: '>= 0.2.0' },
silly testEngine   repository: 
silly testEngine    { type: 'git',
silly testEngine      url: 'git://github.com/LearnBoost/mongoose.git' },
silly testEngine   _npmJsonOpts: 
silly testEngine    { file: '/Users/proksoup/Desktop/kickbackcard-alpha/node_modules/mongoose/package.json',
silly testEngine      wscript: false,
silly testEngine      contributors: false,
silly testEngine      serverjs: false },
silly testEngine   _id: 'mongoose@1.7.4',
silly testEngine   _engineSupported: true,
silly testEngine   _npmVersion: '1.0.22',
silly testEngine   _nodeVersion: 'v0.4.10',
silly testEngine   _defaultsLoaded: true }
verbose caching /Users/proksoup/Desktop/kickbackcard-alpha/node_modules/mongoose/package.json
verbose loadDefaults mongoose@1.7.4
silly testEngine { name: 'nodemailer',
silly testEngine   description: 'Easy to use module to send e-mails, supports unicode and SSL/TLS',
silly testEngine   version: '0.1.24',
silly testEngine   author: { name: 'Andris Reinman' },
silly testEngine   maintainers: [ { name: 'andris', email: 'andris@node.ee' } ],
silly testEngine   homepage: 'http://www.nodemailer.org',
silly testEngine   repository: 
silly testEngine    { type: 'git',
silly testEngine      url: 'git://github.com/andris9/nodemailer.git' },
silly testEngine   main: './lib/mail',
silly testEngine   licenses: 
silly testEngine    [ { type: 'MIT',
silly testEngine        url: 'http://github.com/andris9/nodemailer/blob/master/LICENSE' } ],
silly testEngine   dependencies: { 'mimelib-noiconv': '*' },
silly testEngine   engine: [ 'node >=0.3.0' ],
silly testEngine   keywords: [ 'e-mail', 'mime', 'email', 'sendmail' ],
silly testEngine   _npmJsonOpts: 
silly testEngine    { file: '/Users/proksoup/Desktop/kickbackcard-alpha/node_modules/nodemailer/package.json',
silly testEngine      wscript: false,
silly testEngine      contributors: false,
silly testEngine      serverjs: false },
silly testEngine   _id: 'nodemailer@0.1.24',
silly testEngine   devDependencies: {},
silly testEngine   engines: { node: '*' },
silly testEngine   _engineSupported: true,
silly testEngine   _npmVersion: '1.0.22',
silly testEngine   _nodeVersion: 'v0.4.10',
silly testEngine   _defaultsLoaded: true }
verbose caching /Users/proksoup/Desktop/kickbackcard-alpha/node_modules/nodemailer/package.json
verbose loadDefaults nodemailer@0.1.24
silly testEngine { name: 'pdfkit',
silly testEngine   description: 'A PDF generation library for Node.js',
silly testEngine   keywords: 
silly testEngine    [ 'pdf',
silly testEngine      'pdf writer',
silly testEngine      'pdf generator',
silly testEngine      'graphics',
silly testEngine      'document',
silly testEngine      'vector' ],
silly testEngine   version: '0.1.3',
silly testEngine   homepage: 'http://devongovett.github.com/pdfkit/',
silly testEngine   author: 
silly testEngine    { name: 'Devon Govett',
silly testEngine      email: 'devongovett@gmail.com',
silly testEngine      url: 'http://badassjs.com/' },
silly testEngine   repository: 
silly testEngine    { type: 'git',
silly testEngine      url: 'git://github.com/devongovett/pdfkit.git' },
silly testEngine   bugs: { name: 'http://github.com/devongovett/pdfkit/issues' },
silly testEngine   directories: { lib: './lib', example: './demo' },
silly testEngine   dependencies: { 'coffee-script': '>=1.0.1', zlib: '>=1.0.2' },
silly testEngine   main: './lib/document.coffee',
silly testEngine   engine: [ 'node >= v0.4.0' ],
silly testEngine   _npmJsonOpts: 
silly testEngine    { file: '/Users/proksoup/Desktop/kickbackcard-alpha/node_modules/pdfkit/package.json',
silly testEngine      wscript: false,
silly testEngine      contributors: false,
silly testEngine      serverjs: false },
silly testEngine   _id: 'pdfkit@0.1.3',
silly testEngine   devDependencies: {},
silly testEngine   engines: { node: '*' },
silly testEngine   _engineSupported: true,
silly testEngine   _npmVersion: '1.0.22',
silly testEngine   _nodeVersion: 'v0.4.10',
silly testEngine   _defaultsLoaded: true }
verbose caching /Users/proksoup/Desktop/kickbackcard-alpha/node_modules/pdfkit/package.json
verbose loadDefaults pdfkit@0.1.3
silly testEngine { name: 'request',
silly testEngine   description: 'Simplified HTTP request client.',
silly testEngine   tags: [ 'http', 'simple', 'util', 'utility' ],
silly testEngine   version: '2.1.1',
silly testEngine   author: 
silly testEngine    { name: 'Mikeal Rogers',
silly testEngine      email: 'mikeal.rogers@gmail.com' },
silly testEngine   repository: 
silly testEngine    { type: 'git',
silly testEngine      url: 'git://github.com/mikeal/request.git' },
silly testEngine   bugs: { url: 'http://github.com/mikeal/request/issues' },
silly testEngine   engines: [ 'node >= 0.3.6', node: ' >= 0.3.6' ],
silly testEngine   main: './main',
silly testEngine   _npmJsonOpts: 
silly testEngine    { file: '/Users/proksoup/Desktop/kickbackcard-alpha/node_modules/request/package.json',
silly testEngine      wscript: false,
silly testEngine      contributors: false,
silly testEngine      serverjs: false },
silly testEngine   _id: 'request@2.1.1',
silly testEngine   dependencies: {},
silly testEngine   devDependencies: {},
silly testEngine   _engineSupported: true,
silly testEngine   _npmVersion: '1.0.22',
silly testEngine   _nodeVersion: 'v0.4.10',
silly testEngine   _defaultsLoaded: true }
verbose caching /Users/proksoup/Desktop/kickbackcard-alpha/node_modules/request/package.json
verbose loadDefaults request@2.1.1
silly testEngine { name: 'socket.io',
silly testEngine   version: '0.7.7',
silly testEngine   description: 'Real-time apps made cross-browser & easy with a WebSocket-like API',
silly testEngine   homepage: 'http://socket.io',
silly testEngine   keywords: 
silly testEngine    [ 'websocket',
silly testEngine      'socket',
silly testEngine      'realtime',
silly testEngine      'socket.io',
silly testEngine      'comet',
silly testEngine      'ajax' ],
silly testEngine   author: 
silly testEngine    { name: 'Guillermo Rauch',
silly testEngine      email: 'guillermo@learnboost.com' },
silly testEngine   contributors: 
silly testEngine    [ { name: 'Guillermo Rauch', email: 'rauchg@gmail.com' },
silly testEngine      { name: 'Arnout Kazemier',
silly testEngine        email: 'info@3rd-eden.com' },
silly testEngine      { name: 'Vladimir Dronnikov',
silly testEngine        email: 'dronnikov@gmail.com' } ],
silly testEngine   repository: 
silly testEngine    { type: 'git',
silly testEngine      url: 'git://github.com/LearnBoost/Socket.IO-node.git' },
silly testEngine   dependencies: 
silly testEngine    { 'socket.io-client': '0.7.4',
silly testEngine      policyfile: '0.0.3',
silly testEngine      redis: '0.6.0' },
silly testEngine   devDependencies: { expresso: '0.7.7', should: '0.0.4' },
silly testEngine   main: 'index',
silly testEngine   engines: { node: '>= 0.4.0' },
silly testEngine   _npmJsonOpts: 
silly testEngine    { file: '/Users/proksoup/Desktop/kickbackcard-alpha/node_modules/socket.io/package.json',
silly testEngine      wscript: false,
silly testEngine      contributors: false,
silly testEngine      serverjs: false },
silly testEngine   _id: 'socket.io@0.7.7',
silly testEngine   _engineSupported: true,
silly testEngine   _npmVersion: '1.0.22',
silly testEngine   _nodeVersion: 'v0.4.10',
silly testEngine   _defaultsLoaded: true }
verbose caching /Users/proksoup/Desktop/kickbackcard-alpha/node_modules/socket.io/package.json
verbose loadDefaults socket.io@0.7.7
silly testEngine { name: 'stylus',
silly testEngine   description: 'Robust, expressive, and feature-rich CSS superset',
silly testEngine   version: '0.13.7',
silly testEngine   author: 
silly testEngine    { name: 'TJ Holowaychuk',
silly testEngine      email: 'tj@vision-media.ca' },
silly testEngine   keywords: 
silly testEngine    [ 'css',
silly testEngine      'parser',
silly testEngine      'style',
silly testEngine      'stylesheets',
silly testEngine      'jade',
silly testEngine      'language' ],
silly testEngine   repository: 
silly testEngine    { type: 'git',
silly testEngine      url: 'git://github.com/learnboost/stylus.git' },
silly testEngine   main: './index.js',
silly testEngine   engines: { node: '>= 0.2.4' },
silly testEngine   bin: { stylus: './bin/stylus' },
silly testEngine   scripts: { prepublish: 'npm prune' },
silly testEngine   dependencies: { cssom: '0.2.0', growl: '1.1.0' },
silly testEngine   _npmJsonOpts: 
silly testEngine    { file: '/Users/proksoup/Desktop/kickbackcard-alpha/node_modules/stylus/package.json',
silly testEngine      wscript: false,
silly testEngine      contributors: false,
silly testEngine      serverjs: false },
silly testEngine   _id: 'stylus@0.13.7',
silly testEngine   devDependencies: {},
silly testEngine   _engineSupported: true,
silly testEngine   _npmVersion: '1.0.22',
silly testEngine   _nodeVersion: 'v0.4.10',
silly testEngine   _defaultsLoaded: true }
verbose caching /Users/proksoup/Desktop/kickbackcard-alpha/node_modules/stylus/package.json
verbose loadDefaults stylus@0.13.7
silly testEngine { author: { name: 'Joyent', url: 'http://www.joyent.com' },
silly testEngine   name: 'url',
silly testEngine   description: 'Node.JS url module',
silly testEngine   keywords: [ 'ender', 'url' ],
silly testEngine   version: '0.4.9',
silly testEngine   homepage: 'http://nodejs.org/docs/v0.4.9/api/url.html',
silly testEngine   repository: 
silly testEngine    { type: 'git',
silly testEngine      url: 'git://github.com/coolaj86/nodejs-libs-4-browser.git' },
silly testEngine   main: './url.js',
silly testEngine   directories: { lib: '.' },
silly testEngine   engines: { node: '>= 0.2.0', ender: '>= 0.5.0' },
silly testEngine   dependencies: { querystring: '>= 0.0.0' },
silly testEngine   devDependencies: {},
silly testEngine   _npmJsonOpts: 
silly testEngine    { file: '/Users/proksoup/Desktop/kickbackcard-alpha/node_modules/url/package.json',
silly testEngine      wscript: false,
silly testEngine      contributors: false,
silly testEngine      serverjs: false },
silly testEngine   _id: 'url@0.4.9',
silly testEngine   _engineSupported: true,
silly testEngine   _npmVersion: '1.0.22',
silly testEngine   _nodeVersion: 'v0.4.10',
silly testEngine   _defaultsLoaded: true }
verbose caching /Users/proksoup/Desktop/kickbackcard-alpha/node_modules/url/package.json
verbose loadDefaults url@0.4.9
silly testEngine { name: 'yelp',
silly testEngine   description: 'Library for interfacing with Yelp\'s API v2.0.',
silly testEngine   version: '0.1.0',
silly testEngine   directories: { lib: './lib' },
silly testEngine   main: 'index.js',
silly testEngine   author: 
silly testEngine    { name: 'Olivier Lalonde',
silly testEngine      email: 'olalonde@gmail.com',
silly testEngine      url: 'http://www.syskall.com/' },
silly testEngine   repository: 
silly testEngine    { type: 'git',
silly testEngine      url: 'git://github.com/olalonde/node-yelp.git' },
silly testEngine   homepage: 'https://github.com/olalonde/node-yelp',
silly testEngine   dependencies: { oauth: '>=0.9.0 <1.0.0' },
silly testEngine   _npmJsonOpts: 
silly testEngine    { file: '/Users/proksoup/Desktop/kickbackcard-alpha/node_modules/yelp/package.json',
silly testEngine      wscript: false,
silly testEngine      contributors: false,
silly testEngine      serverjs: false },
silly testEngine   _id: 'yelp@0.1.0',
silly testEngine   devDependencies: {},
silly testEngine   engines: { node: '*' },
silly testEngine   _engineSupported: true,
silly testEngine   _npmVersion: '1.0.22',
silly testEngine   _nodeVersion: 'v0.4.10',
silly testEngine   _defaultsLoaded: true }
verbose caching /Users/proksoup/Desktop/kickbackcard-alpha/node_modules/yelp/package.json
verbose loadDefaults yelp@0.1.0
verbose has wscript [ undefined,
verbose has wscript   { file: '/Users/proksoup/Desktop/kickbackcard-alpha/node_modules/bcrypt/package.json',
verbose has wscript     contributors: false,
verbose has wscript     serverjs: false,
verbose has wscript     wscript: true } ]
silly testEngine { name: 'bcrypt',
silly testEngine   description: 'A bcrypt library for NodeJS.',
silly testEngine   main: './bcrypt',
silly testEngine   version: '0.2.3',
silly testEngine   author: 
silly testEngine    { name: 'Nick Campbell',
silly testEngine      url: 'http://github.com/ncb000gt' },
silly testEngine   engines: { node: '>= 0.1.100' },
silly testEngine   repository: 
silly testEngine    { type: 'git',
silly testEngine      url: 'git://github.com/ncb000gt/node.bcrypt.js.git' },
silly testEngine   licenses: [ { type: 'MIT' } ],
silly testEngine   bugs: { url: 'http://github.com/ncb000gt/node.bcrypt.js/issues' },
silly testEngine   scripts: 
silly testEngine    { install: 'node-waf configure build',
silly testEngine      test: 'node-waf configure build; nodeunit test/' },
silly testEngine   dependencies: { nodeunit: '>=0.5.1' },
silly testEngine   contributors: 
silly testEngine    [ { name: 'Antonio Salazar Cardozo',
silly testEngine        email: 'savedfastcool@gmail.com',
silly testEngine        url: 'https://github.com/Shadowfiend' },
silly testEngine      { name: 'Van Nguyen',
silly testEngine        email: 'the.gol.effect@gmail.com',
silly testEngine        url: 'https://github.com/thegoleffect' },
silly testEngine      { name: 'David Trejo',
silly testEngine        email: 'david@dtrejo.com',
silly testEngine        url: 'https://github.com/dtrejo' },
silly testEngine      { name: 'Alfred Westerveld',
silly testEngine        email: 'alfredwesterveld@gmail.com',
silly testEngine        url: 'https://github.com/alfredwesterveld' } ],
silly testEngine   _npmJsonOpts: 
silly testEngine    { file: '/Users/proksoup/Desktop/kickbackcard-alpha/node_modules/bcrypt/package.json',
silly testEngine      contributors: false,
silly testEngine      serverjs: false,
silly testEngine      wscript: true },
silly testEngine   _id: 'bcrypt@0.2.3',
silly testEngine   devDependencies: {},
silly testEngine   _engineSupported: true,
silly testEngine   _npmVersion: '1.0.22',
silly testEngine   _nodeVersion: 'v0.4.10',
silly testEngine   _defaultsLoaded: true }
verbose caching /Users/proksoup/Desktop/kickbackcard-alpha/node_modules/bcrypt/package.json
verbose loadDefaults bcrypt@0.2.3
verbose from cache /Users/proksoup/Desktop/kickbackcard-alpha/package.json
verbose into /Users/proksoup/Desktop/kickbackcard-alpha [ 'express@2.4.3',
verbose into /Users/proksoup/Desktop/kickbackcard-alpha   'stylus@>= 0.0.1',
verbose into /Users/proksoup/Desktop/kickbackcard-alpha   'coffee-script@>= 0.0.1',
verbose into /Users/proksoup/Desktop/kickbackcard-alpha   'jade@>= 0.0.1',
verbose into /Users/proksoup/Desktop/kickbackcard-alpha   'connect-mongodb@>= 1.0.0',
verbose into /Users/proksoup/Desktop/kickbackcard-alpha   'url@>= 0.1.1',
verbose into /Users/proksoup/Desktop/kickbackcard-alpha   'mongodb@>= 0.0.1',
verbose into /Users/proksoup/Desktop/kickbackcard-alpha   'mongoose@>= 0.0.1',
verbose into /Users/proksoup/Desktop/kickbackcard-alpha   'bcrypt@>=0.0.1',
verbose into /Users/proksoup/Desktop/kickbackcard-alpha   'geo@>=0.0.1',
verbose into /Users/proksoup/Desktop/kickbackcard-alpha   'nodemailer@>=0.0.1',
verbose into /Users/proksoup/Desktop/kickbackcard-alpha   'pdfkit@>=0.0.1',
verbose into /Users/proksoup/Desktop/kickbackcard-alpha   'imagemagick@>=0.0.1',
verbose into /Users/proksoup/Desktop/kickbackcard-alpha   'yelp@>=0.0.1',
verbose into /Users/proksoup/Desktop/kickbackcard-alpha   'get@>=0.0.1',
verbose into /Users/proksoup/Desktop/kickbackcard-alpha   'http@>=0.0.1' ]
verbose from cache /Users/proksoup/Desktop/kickbackcard-alpha/node_modules/bcrypt/package.json
verbose from cache /Users/proksoup/Desktop/kickbackcard-alpha/node_modules/coffee-script/package.json
verbose from cache /Users/proksoup/Desktop/kickbackcard-alpha/node_modules/connect-mongodb/package.json
verbose from cache /Users/proksoup/Desktop/kickbackcard-alpha/node_modules/everyauth/package.json
verbose from cache /Users/proksoup/Desktop/kickbackcard-alpha/node_modules/express/package.json
verbose from cache /Users/proksoup/Desktop/kickbackcard-alpha/node_modules/geo/package.json
verbose from cache /Users/proksoup/Desktop/kickbackcard-alpha/node_modules/get/package.json
verbose from cache /Users/proksoup/Desktop/kickbackcard-alpha/node_modules/imagemagick/package.json
verbose from cache /Users/proksoup/Desktop/kickbackcard-alpha/node_modules/jade/package.json
verbose from cache /Users/proksoup/Desktop/kickbackcard-alpha/node_modules/mongodb/package.json
verbose from cache /Users/proksoup/Desktop/kickbackcard-alpha/node_modules/mongoose/package.json
verbose from cache /Users/proksoup/Desktop/kickbackcard-alpha/node_modules/nodemailer/package.json
verbose from cache /Users/proksoup/Desktop/kickbackcard-alpha/node_modules/pdfkit/package.json
verbose from cache /Users/proksoup/Desktop/kickbackcard-alpha/node_modules/request/package.json
verbose from cache /Users/proksoup/Desktop/kickbackcard-alpha/node_modules/socket.io/package.json
verbose from cache /Users/proksoup/Desktop/kickbackcard-alpha/node_modules/stylus/package.json
verbose from cache /Users/proksoup/Desktop/kickbackcard-alpha/node_modules/url/package.json
verbose from cache /Users/proksoup/Desktop/kickbackcard-alpha/node_modules/yelp/package.json
verbose already installed in /Users/proksoup/Desktop/kickbackcard-alpha skipping url@>= 0.1.1
verbose already installed in /Users/proksoup/Desktop/kickbackcard-alpha skipping mongodb@>= 0.0.1
verbose already installed in /Users/proksoup/Desktop/kickbackcard-alpha skipping mongoose@>= 0.0.1
verbose already installed in /Users/proksoup/Desktop/kickbackcard-alpha skipping bcrypt@>=0.0.1
verbose already installed in /Users/proksoup/Desktop/kickbackcard-alpha skipping geo@>=0.0.1
verbose already installed in /Users/proksoup/Desktop/kickbackcard-alpha skipping nodemailer@>=0.0.1
verbose already installed in /Users/proksoup/Desktop/kickbackcard-alpha skipping pdfkit@>=0.0.1
verbose already installed in /Users/proksoup/Desktop/kickbackcard-alpha skipping imagemagick@>=0.0.1
verbose already installed in /Users/proksoup/Desktop/kickbackcard-alpha skipping yelp@>=0.0.1
verbose already installed in /Users/proksoup/Desktop/kickbackcard-alpha skipping get@>=0.0.1
verbose cache add [ 'http@>=0.0.1', null ]
info addNamed [ 'http', '>=0.0.1' ]
verbose addNamed [ null, '>=0.0.1' ]
verbose already installed in /Users/proksoup/Desktop/kickbackcard-alpha skipping express@2.4.3
verbose already installed in /Users/proksoup/Desktop/kickbackcard-alpha skipping stylus@>= 0.0.1
verbose already installed in /Users/proksoup/Desktop/kickbackcard-alpha skipping coffee-script@>= 0.0.1
verbose already installed in /Users/proksoup/Desktop/kickbackcard-alpha skipping jade@>= 0.0.1
verbose already installed in /Users/proksoup/Desktop/kickbackcard-alpha skipping connect-mongodb@>= 1.0.0
verbose GET http
verbose raw, before any munging http
verbose url resolving [ 'https://registry.npmjs.org/', './http' ]
verbose url resolved https://registry.npmjs.org/http
verbose url parsed { protocol: 'https:',
verbose url parsed   slashes: true,
verbose url parsed   host: 'registry.npmjs.org',
verbose url parsed   hostname: 'registry.npmjs.org',
verbose url parsed   href: 'https://registry.npmjs.org/http',
verbose url parsed   pathname: '/http' }
verbose response https://registry.npmjs.org/http
silly chunk {"error":"not_found","reason":"document not found"}
silly chunk 
silly get cb [ 404,
silly get cb   { server: 'CouchDB/1.1.0 (Erlang OTP/R14B03)',
silly get cb     date: 'Tue, 13 Sep 2011 22:30:24 GMT',
silly get cb     'content-type': 'application/json',
silly get cb     'content-length': '52',
silly get cb     'cache-control': 'must-revalidate' } ]
ERR! 404 'http' is not in the npm registry.
ERR! 404 You should bug the author to publish it.
ERR! 404 Note that you can also install from a tarball or folder.
ERR! 
ERR! System Darwin 11.1.0
ERR! command "node" "/usr/local/bin/npm" "install" "-d"
ERR! cwd /Users/proksoup/Desktop/kickbackcard-alpha
ERR! node -v v0.4.10
ERR! npm -v 1.0.22
verbose exit [ 1, true ]
